Using pre-set license
Built from '2022.3/staging' branch; Version is '2022.3.10f1 (ff3792e53c62) revision 16725906'; Using compiler version '192829333'; Build Type 'Release'
OS: 'Windows 11  (10.0.22621) 64bit Core' Language: 'fr' Physical Memory: 15722 MB
BatchMode: 1, IsHumanControllingUs: 0, StartBugReporterOnCrash: 0, Is64bit: 1, IsPro: 1

COMMAND LINE ARGUMENTS:
D:\unity\2022.3.10f1\Editor\Unity.exe
-adb2
-batchMode
-noUpm
-name
AssetImportWorker0
-projectPath
D:/unity/test unit/pokemon_unity
-logFile
Logs/AssetImportWorker0.log
-srvPort
23080
Successfully changed project path to: D:/unity/test unit/pokemon_unity
D:/unity/test unit/pokemon_unity
[UnityMemory] Configuration Parameters - Can be set up in boot.config
    "memorysetup-bucket-allocator-granularity=16"
    "memorysetup-bucket-allocator-bucket-count=8"
    "memorysetup-bucket-allocator-block-size=33554432"
    "memorysetup-bucket-allocator-block-count=8"
    "memorysetup-main-allocator-block-size=16777216"
    "memorysetup-thread-allocator-block-size=16777216"
    "memorysetup-gfx-main-allocator-block-size=16777216"
    "memorysetup-gfx-thread-allocator-block-size=16777216"
    "memorysetup-cache-allocator-block-size=4194304"
    "memorysetup-typetree-allocator-block-size=2097152"
    "memorysetup-profiler-bucket-allocator-granularity=16"
    "memorysetup-profiler-bucket-allocator-bucket-count=8"
    "memorysetup-profiler-bucket-allocator-block-size=33554432"
    "memorysetup-profiler-bucket-allocator-block-count=8"
    "memorysetup-profiler-allocator-block-size=16777216"
    "memorysetup-profiler-editor-allocator-block-size=1048576"
    "memorysetup-temp-allocator-size-main=16777216"
    "memorysetup-job-temp-allocator-block-size=2097152"
    "memorysetup-job-temp-allocator-block-size-background=1048576"
    "memorysetup-job-temp-allocator-reduction-small-platforms=262144"
    "memorysetup-allocator-temp-initial-block-size-main=262144"
    "memorysetup-allocator-temp-initial-block-size-worker=262144"
    "memorysetup-temp-allocator-size-background-worker=32768"
    "memorysetup-temp-allocator-size-job-worker=262144"
    "memorysetup-temp-allocator-size-preload-manager=33554432"
    "memorysetup-temp-allocator-size-nav-mesh-worker=65536"
    "memorysetup-temp-allocator-size-audio-worker=65536"
    "memorysetup-temp-allocator-size-cloud-worker=32768"
    "memorysetup-temp-allocator-size-gi-baking-worker=262144"
    "memorysetup-temp-allocator-size-gfx=262144"
Player connection [26836] Host "[IP] 192.168.56.1 [Port] 0 [Flags] 2 [Guid] 2899836873 [EditorId] 2899836873 [Version] 1048832 [Id] WindowsEditor(7,LAPTOP-RAGU3KSQ) [Debug] 1 [PackageName] WindowsEditor [ProjectName] Editor" joined multi-casting on [225.0.0.222:54997]...

Player connection [26836] Host "[IP] 192.168.56.1 [Port] 0 [Flags] 2 [Guid] 2899836873 [EditorId] 2899836873 [Version] 1048832 [Id] WindowsEditor(7,LAPTOP-RAGU3KSQ) [Debug] 1 [PackageName] WindowsEditor [ProjectName] Editor" joined alternative multi-casting on [225.0.0.222:34997]...

[Physics::Module] Initialized MultithreadedJobDispatcher with 11 workers.
Invalid serialized file header. File: "Library/InspectorExpandedItems.asset".
Unknown error occurred while loading 'Library/InspectorExpandedItems.asset'.
Invalid serialized file header. File: "Library/InspectorExpandedItems.asset".
Invalid serialized file header. File: "Library/InspectorExpandedItems.asset".
Refreshing native plugins compatible for Editor in 36.73 ms, found 4 plugins.
Preloading 0 native plugins for Editor in 0.00 ms.
Initialize engine version: 2022.3.10f1 (ff3792e53c62)
[Subsystems] Discovering subsystems at path D:/unity/2022.3.10f1/Editor/Data/Resources/UnitySubsystems
[Subsystems] Discovering subsystems at path D:/unity/test unit/pokemon_unity/Assets
GfxDevice: creating device client; threaded=0; jobified=0
Direct3D:
    Version:  Direct3D 11.0 [level 11.1]
    Renderer: AMD Radeon(TM) Graphics (ID=0x164c)
    Vendor:   ATI
    VRAM:     7861 MB
    Driver:   31.0.12018.5
Initialize mono
Mono path[0] = 'D:/unity/2022.3.10f1/Editor/Data/Managed'
Mono path[1] = 'D:/unity/2022.3.10f1/Editor/Data/MonoBleedingEdge/lib/mono/unityjit-win32'
Mono config path = 'D:/unity/2022.3.10f1/Editor/Data/MonoBleedingEdge/etc'
Using monoOptions --debugger-agent=transport=dt_socket,embedding=1,server=y,suspend=n,address=127.0.0.1:56760
Begin MonoManager ReloadAssembly
Registering precompiled unity dll's ...
Register platform support module: D:/unity/2022.3.10f1/Editor/Data/PlaybackEngines/WindowsStandaloneSupport/UnityEditor.WindowsStandalone.Extensions.dll
Registered in 0.005026 seconds.
- Loaded All Assemblies, in  0.555 seconds
Native extension for WindowsStandalone target not found
Mono: successfully reloaded assembly
- Finished resetting the current domain, in  0.325 seconds
Domain Reload Profiling: 881ms
	BeginReloadAssembly (232ms)
		ExecutionOrderSort (0ms)
		DisableScriptedObjects (0ms)
		BackupInstance (0ms)
		ReleaseScriptingObjects (0ms)
		CreateAndSetChildDomain (1ms)
	RebuildCommonClasses (53ms)
	RebuildNativeTypeToScriptingClass (13ms)
	initialDomainReloadingComplete (67ms)
	LoadAllAssembliesAndSetupDomain (190ms)
		LoadAssemblies (231ms)
		RebuildTransferFunctionScriptingTraits (0ms)
		AnalyzeDomain (188ms)
			TypeCache.Refresh (185ms)
				TypeCache.ScanAssembly (165ms)
			ScanForSourceGeneratedMonoScriptInfo (1ms)
			ResolveRequiredComponents (1ms)
	FinalizeReload (326ms)
		ReleaseScriptCaches (0ms)
		RebuildScriptCaches (0ms)
		SetupLoadedEditorAssemblies (246ms)
			LogAssemblyErrors (0ms)
			InitializePlatformSupportModulesInManaged (8ms)
			SetLoadedEditorAssemblies (11ms)
			RefreshPlugins (0ms)
			BeforeProcessingInitializeOnLoad (3ms)
			ProcessInitializeOnLoadAttributes (162ms)
			ProcessInitializeOnLoadMethodAttributes (63ms)
			AfterProcessingInitializeOnLoad (0ms)
			EditorAssembliesLoaded (0ms)
		ExecutionOrderSort2 (0ms)
		AwakeInstancesAfterBackupRestoration (0ms)
========================================================================
Worker process is ready to serve import requests
Begin MonoManager ReloadAssembly
- Loaded All Assemblies, in  0.974 seconds
Refreshing native plugins compatible for Editor in 2.87 ms, found 4 plugins.
Native extension for WindowsStandalone target not found
Package Manager log level set to [2]
[Package Manager] Server::EnsureServerProcessIsRunning -- launch failed, reason: Unity was launched with the -noUpm command-line argument
[Package Manager] UpmClient::Send -- Unable to send message (not connected to UPM process).
[Package Manager] Cannot connect to Unity Package Manager local server
Mono: successfully reloaded assembly
- Finished resetting the current domain, in  0.796 seconds
Domain Reload Profiling: 1771ms
	BeginReloadAssembly (198ms)
		ExecutionOrderSort (0ms)
		DisableScriptedObjects (6ms)
		BackupInstance (0ms)
		ReleaseScriptingObjects (1ms)
		CreateAndSetChildDomain (39ms)
	RebuildCommonClasses (43ms)
	RebuildNativeTypeToScriptingClass (12ms)
	initialDomainReloadingComplete (47ms)
	LoadAllAssembliesAndSetupDomain (675ms)
		LoadAssemblies (553ms)
		RebuildTransferFunctionScriptingTraits (0ms)
		AnalyzeDomain (222ms)
			TypeCache.Refresh (185ms)
				TypeCache.ScanAssembly (164ms)
			ScanForSourceGeneratedMonoScriptInfo (29ms)
			ResolveRequiredComponents (5ms)
	FinalizeReload (797ms)
		ReleaseScriptCaches (0ms)
		RebuildScriptCaches (0ms)
		SetupLoadedEditorAssemblies (564ms)
			LogAssemblyErrors (0ms)
			InitializePlatformSupportModulesInManaged (7ms)
			SetLoadedEditorAssemblies (8ms)
			RefreshPlugins (0ms)
			BeforeProcessingInitializeOnLoad (98ms)
			ProcessInitializeOnLoadAttributes (405ms)
			ProcessInitializeOnLoadMethodAttributes (42ms)
			AfterProcessingInitializeOnLoad (2ms)
			EditorAssembliesLoaded (0ms)
		ExecutionOrderSort2 (0ms)
		AwakeInstancesAfterBackupRestoration (8ms)
Launched and connected shader compiler UnityShaderCompiler.exe after 0.07 seconds
Refreshing native plugins compatible for Editor in 2.58 ms, found 4 plugins.
Preloading 0 native plugins for Editor in 0.00 ms.
Unloading 4092 Unused Serialized files (Serialized files now loaded: 0)
Unloading 66 unused Assets / (61.4 KB). Loaded Objects now: 4556.
Memory consumption went from 142.1 MB to 142.0 MB.
Total: 4.352200 ms (FindLiveObjects: 0.579400 ms CreateObjectMapping: 0.181000 ms MarkObjects: 3.427700 ms  DeleteObjects: 0.161800 ms)

AssetImportParameters requested are different than current active one (requested -> active):
  custom:container-demuxer-ogg: 62fdf1f143b41e24485cea50d1cbac27 -> 
  custom:video-codec-MediaFoundation-h265: 746d11721c4dcdbdad8f713fa42b33f4 -> 
  custom:video-decoder-ogg-theora: a1e56fd34408186e4bbccfd4996cb3dc -> 
  custom:framework-win-MediaFoundation: 216162199b28c13a410421893ffa2e32 -> 
  custom:CustomObjectIndexerAttribute: 756ad292c208cfabdd7b50bc23989ffe -> 
  custom:container-demuxer-webm: 4f35f7cbe854078d1ac9338744f61a02 -> 
  custom:container-muxer-webm: aa71ff27fc2769a1b78a27578f13a17b -> 
  custom:video-decoder-webm-vp8: 9c59270c3fd7afecdb556c50c9e8de78 -> 
  custom:SearchIndexIgnoredProperties: e643bd26f0fe6173181afceb89e7c659 -> 
  custom:AudioImporter_EditorPlatform: d09bf68614088b80899f8185d706f6e7 -> 
  custom:video-encoder-webm-vp8: eb34c28f22e8b96e1ab97ce403110664 -> 
  custom:audio-decoder-ogg-vorbis: bf7c407c2cedff20999df2af8eb42d56 -> 
  custom:audio-encoder-webm-vorbis: bf7c407c2cedff20999df2af8eb42d56 -> 
========================================================================
Received Import Request.
  Time since last request: 106962.131628 seconds.
  path: Assets/Scenes
  artifactKey: Guid(e0e079df3d60f4b4c9ab0e90a9ac330d) Importer(815301076,1909f56bfc062723c751e8b465ee728b)
Start importing Assets/Scenes using Guid(e0e079df3d60f4b4c9ab0e90a9ac330d) Importer(815301076,1909f56bfc062723c751e8b465ee728b)  -> (artifact id: '884c784353323641b91c09131fd6f7bc') in 0.003729 seconds
Number of updated asset objects reloaded before import = 0
Number of asset objects unloaded after import = 0
========================================================================
Received Import Request.
  Time since last request: 0.000038 seconds.
  path: Assets/Scenes/test api.unity
  artifactKey: Guid(10a0fe3b90d56754ea767722af7350fd) Importer(815301076,1909f56bfc062723c751e8b465ee728b)
Start importing Assets/Scenes/test api.unity using Guid(10a0fe3b90d56754ea767722af7350fd) Importer(815301076,1909f56bfc062723c751e8b465ee728b)  -> (artifact id: 'c8980672dd7544e673afd74b8bdbb9d4') in 0.000812 seconds
Number of updated asset objects reloaded before import = 0
Number of asset objects unloaded after import = 0
========================================================================
Received Prepare
Begin MonoManager ReloadAssembly
- Loaded All Assemblies, in  0.480 seconds
Refreshing native plugins compatible for Editor in 3.46 ms, found 4 plugins.
Native extension for WindowsStandalone target not found
[Package Manager] Server::EnsureServerProcessIsRunning -- launch failed, reason: Unity was launched with the -noUpm command-line argument
[Package Manager] UpmClient::Send -- Unable to send message (not connected to UPM process).
[Package Manager] Cannot connect to Unity Package Manager local server
Mono: successfully reloaded assembly
- Finished resetting the current domain, in  1.251 seconds
Domain Reload Profiling: 1731ms
	BeginReloadAssembly (169ms)
		ExecutionOrderSort (0ms)
		DisableScriptedObjects (14ms)
		BackupInstance (0ms)
		ReleaseScriptingObjects (0ms)
		CreateAndSetChildDomain (47ms)
	RebuildCommonClasses (38ms)
	RebuildNativeTypeToScriptingClass (13ms)
	initialDomainReloadingComplete (33ms)
	LoadAllAssembliesAndSetupDomain (227ms)
		LoadAssemblies (289ms)
		RebuildTransferFunctionScriptingTraits (0ms)
		AnalyzeDomain (15ms)
			TypeCache.Refresh (7ms)
				TypeCache.ScanAssembly (0ms)
			ScanForSourceGeneratedMonoScriptInfo (0ms)
			ResolveRequiredComponents (7ms)
	FinalizeReload (1251ms)
		ReleaseScriptCaches (0ms)
		RebuildScriptCaches (0ms)
		SetupLoadedEditorAssemblies (634ms)
			LogAssemblyErrors (0ms)
			InitializePlatformSupportModulesInManaged (5ms)
			SetLoadedEditorAssemblies (6ms)
			RefreshPlugins (0ms)
			BeforeProcessingInitializeOnLoad (86ms)
			ProcessInitializeOnLoadAttributes (484ms)
			ProcessInitializeOnLoadMethodAttributes (50ms)
			AfterProcessingInitializeOnLoad (3ms)
			EditorAssembliesLoaded (1ms)
		ExecutionOrderSort2 (0ms)
		AwakeInstancesAfterBackupRestoration (21ms)
Refreshing native plugins compatible for Editor in 3.84 ms, found 4 plugins.
Preloading 0 native plugins for Editor in 0.00 ms.
Unloading 4067 Unused Serialized files (Serialized files now loaded: 0)
Unloading 38 unused Assets / (35.2 KB). Loaded Objects now: 4561.
Memory consumption went from 136.0 MB to 136.0 MB.
Total: 6.206500 ms (FindLiveObjects: 0.671600 ms CreateObjectMapping: 0.693100 ms MarkObjects: 4.587600 ms  DeleteObjects: 0.252200 ms)

Prepare: number of updated asset objects reloaded= 0
AssetImportParameters requested are different than current active one (requested -> active):
  custom:container-demuxer-ogg: 62fdf1f143b41e24485cea50d1cbac27 -> 
  custom:video-codec-MediaFoundation-h265: 746d11721c4dcdbdad8f713fa42b33f4 -> 
  custom:video-decoder-ogg-theora: a1e56fd34408186e4bbccfd4996cb3dc -> 
  custom:framework-win-MediaFoundation: 216162199b28c13a410421893ffa2e32 -> 
  custom:CustomObjectIndexerAttribute: 756ad292c208cfabdd7b50bc23989ffe -> 
  custom:container-demuxer-webm: 4f35f7cbe854078d1ac9338744f61a02 -> 
  custom:container-muxer-webm: aa71ff27fc2769a1b78a27578f13a17b -> 
  custom:video-decoder-webm-vp8: 9c59270c3fd7afecdb556c50c9e8de78 -> 
  custom:SearchIndexIgnoredProperties: e643bd26f0fe6173181afceb89e7c659 -> 
  custom:AudioImporter_EditorPlatform: d09bf68614088b80899f8185d706f6e7 -> 
  custom:video-encoder-webm-vp8: eb34c28f22e8b96e1ab97ce403110664 -> 
  custom:audio-decoder-ogg-vorbis: bf7c407c2cedff20999df2af8eb42d56 -> 
  custom:audio-encoder-webm-vorbis: bf7c407c2cedff20999df2af8eb42d56 -> 
========================================================================
Received Prepare
Begin MonoManager ReloadAssembly
- Loaded All Assemblies, in  6.980 seconds
Refreshing native plugins compatible for Editor in 2.65 ms, found 4 plugins.
Native extension for WindowsStandalone target not found
[Package Manager] Server::EnsureServerProcessIsRunning -- launch failed, reason: Unity was launched with the -noUpm command-line argument
[Package Manager] UpmClient::Send -- Unable to send message (not connected to UPM process).
[Package Manager] Cannot connect to Unity Package Manager local server
Mono: successfully reloaded assembly
- Finished resetting the current domain, in 15.124 seconds
Domain Reload Profiling: 22104ms
	BeginReloadAssembly (218ms)
		ExecutionOrderSort (0ms)
		DisableScriptedObjects (12ms)
		BackupInstance (0ms)
		ReleaseScriptingObjects (0ms)
		CreateAndSetChildDomain (43ms)
	RebuildCommonClasses (161ms)
	RebuildNativeTypeToScriptingClass (13ms)
	initialDomainReloadingComplete (42ms)
	LoadAllAssembliesAndSetupDomain (6545ms)
		LoadAssemblies (6649ms)
		RebuildTransferFunctionScriptingTraits (0ms)
		AnalyzeDomain (15ms)
			TypeCache.Refresh (8ms)
				TypeCache.ScanAssembly (0ms)
			ScanForSourceGeneratedMonoScriptInfo (0ms)
			ResolveRequiredComponents (6ms)
	FinalizeReload (15125ms)
		ReleaseScriptCaches (0ms)
		RebuildScriptCaches (0ms)
		SetupLoadedEditorAssemblies (486ms)
			LogAssemblyErrors (0ms)
			InitializePlatformSupportModulesInManaged (5ms)
			SetLoadedEditorAssemblies (8ms)
			RefreshPlugins (0ms)
			BeforeProcessingInitializeOnLoad (80ms)
			ProcessInitializeOnLoadAttributes (348ms)
			ProcessInitializeOnLoadMethodAttributes (42ms)
			AfterProcessingInitializeOnLoad (2ms)
			EditorAssembliesLoaded (0ms)
		ExecutionOrderSort2 (0ms)
		AwakeInstancesAfterBackupRestoration (16ms)
Refreshing native plugins compatible for Editor in 3.96 ms, found 4 plugins.
Preloading 0 native plugins for Editor in 0.00 ms.
Unloading 4068 Unused Serialized files (Serialized files now loaded: 0)
Unloading 38 unused Assets / (35.2 KB). Loaded Objects now: 4565.
Memory consumption went from 136.3 MB to 136.2 MB.
Total: 4.541600 ms (FindLiveObjects: 0.505300 ms CreateObjectMapping: 0.308000 ms MarkObjects: 3.619500 ms  DeleteObjects: 0.107000 ms)

Prepare: number of updated asset objects reloaded= 0
AssetImportParameters requested are different than current active one (requested -> active):
  custom:container-demuxer-ogg: 62fdf1f143b41e24485cea50d1cbac27 -> 
  custom:video-codec-MediaFoundation-h265: 746d11721c4dcdbdad8f713fa42b33f4 -> 
  custom:video-decoder-ogg-theora: a1e56fd34408186e4bbccfd4996cb3dc -> 
  custom:framework-win-MediaFoundation: 216162199b28c13a410421893ffa2e32 -> 
  custom:CustomObjectIndexerAttribute: 756ad292c208cfabdd7b50bc23989ffe -> 
  custom:container-demuxer-webm: 4f35f7cbe854078d1ac9338744f61a02 -> 
  custom:container-muxer-webm: aa71ff27fc2769a1b78a27578f13a17b -> 
  custom:video-decoder-webm-vp8: 9c59270c3fd7afecdb556c50c9e8de78 -> 
  custom:SearchIndexIgnoredProperties: e643bd26f0fe6173181afceb89e7c659 -> 
  custom:AudioImporter_EditorPlatform: d09bf68614088b80899f8185d706f6e7 -> 
  custom:video-encoder-webm-vp8: eb34c28f22e8b96e1ab97ce403110664 -> 
  custom:audio-decoder-ogg-vorbis: bf7c407c2cedff20999df2af8eb42d56 -> 
  custom:audio-encoder-webm-vorbis: bf7c407c2cedff20999df2af8eb42d56 -> 
========================================================================
Received Import Request.
  Time since last request: 102.959886 seconds.
  path: Assets/Scenes/Pokedex.unity
  artifactKey: Guid(85ef31744a5fe8e48b00b973ed62a0ac) Importer(815301076,1909f56bfc062723c751e8b465ee728b)
Start importing Assets/Scenes/Pokedex.unity using Guid(85ef31744a5fe8e48b00b973ed62a0ac) Importer(815301076,1909f56bfc062723c751e8b465ee728b)  -> (artifact id: '728bcdfda79a7211a667a0fdf1c9af17') in 0.001898 seconds
Number of updated asset objects reloaded before import = 0
Number of asset objects unloaded after import = 0
========================================================================
Received Import Request.
  Time since last request: 0.000153 seconds.
  path: Assets/Scenes/login.unity
  artifactKey: Guid(2cda990e2423bbf4892e6590ba056729) Importer(815301076,1909f56bfc062723c751e8b465ee728b)
Start importing Assets/Scenes/login.unity using Guid(2cda990e2423bbf4892e6590ba056729) Importer(815301076,1909f56bfc062723c751e8b465ee728b)  -> (artifact id: '99451077809671391a5791a556eb0970') in 0.000558 seconds
Number of updated asset objects reloaded before import = 0
Number of asset objects unloaded after import = 0
========================================================================
Received Import Request.
  Time since last request: 18.153221 seconds.
  path: Assets/Art/Pokemons/Back/1.png
  artifactKey: Guid(aacaae602a38f884ab9e02e43de3736d) Importer(815301076,1909f56bfc062723c751e8b465ee728b)
Start importing Assets/Art/Pokemons/Back/1.png using Guid(aacaae602a38f884ab9e02e43de3736d) Importer(815301076,1909f56bfc062723c751e8b465ee728b)  -> (artifact id: '8ca2294245d966ef607700b3cf1bf54d') in 0.112496 seconds
Number of updated asset objects reloaded before import = 0
Number of asset objects unloaded after import = 3
========================================================================
Received Import Request.
  Time since last request: 0.000041 seconds.
  path: Assets/Art/Pokemons/Front/4.png
  artifactKey: Guid(cd259d9d4f8ba2749a16d1cc64d46bec) Importer(815301076,1909f56bfc062723c751e8b465ee728b)
Start importing Assets/Art/Pokemons/Front/4.png using Guid(cd259d9d4f8ba2749a16d1cc64d46bec) Importer(815301076,1909f56bfc062723c751e8b465ee728b)  -> (artifact id: '51d6fb51ce508d3ae1d684158911e345') in 0.022114 seconds
Number of updated asset objects reloaded before import = 0
Number of asset objects unloaded after import = 3
========================================================================
Received Import Request.
  Time since last request: 0.000056 seconds.
  path: Assets/Art/Pokemons/Back/4.png
  artifactKey: Guid(ed8e1d9976a1fd94d961840d8f6e7764) Importer(815301076,1909f56bfc062723c751e8b465ee728b)
Start importing Assets/Art/Pokemons/Back/4.png using Guid(ed8e1d9976a1fd94d961840d8f6e7764) Importer(815301076,1909f56bfc062723c751e8b465ee728b)  -> (artifact id: 'c2dcea44a6b308143fee146485c5666c') in 0.021716 seconds
Number of updated asset objects reloaded before import = 0
Number of asset objects unloaded after import = 3
========================================================================
Received Import Request.
  Time since last request: 0.000039 seconds.
  path: Assets/Art/Pokemons/Front/2.png
  artifactKey: Guid(179bd38ab997c7440844309bc52e708a) Importer(815301076,1909f56bfc062723c751e8b465ee728b)
Start importing Assets/Art/Pokemons/Front/2.png using Guid(179bd38ab997c7440844309bc52e708a) Importer(815301076,1909f56bfc062723c751e8b465ee728b)  -> (artifact id: '73dfbc0b57a73c37ba8eb36bac7bef89') in 0.019811 seconds
Number of updated asset objects reloaded before import = 0
Number of asset objects unloaded after import = 3
========================================================================
Received Import Request.
  Time since last request: 0.000036 seconds.
  path: Assets/Art/Pokemons/Front/3.png
  artifactKey: Guid(843823c80be1fe244945120519a22e53) Importer(815301076,1909f56bfc062723c751e8b465ee728b)
Start importing Assets/Art/Pokemons/Front/3.png using Guid(843823c80be1fe244945120519a22e53) Importer(815301076,1909f56bfc062723c751e8b465ee728b)  -> (artifact id: 'fcc39f23f1cea23abc36922a8e2413a0') in 0.018169 seconds
Number of updated asset objects reloaded before import = 0
Number of asset objects unloaded after import = 3
========================================================================
Received Import Request.
  Time since last request: 0.000038 seconds.
  path: Assets/Art/Pokemons/Front/1.png
  artifactKey: Guid(0f37bf3cf5680a64d863b5f155b2a597) Importer(815301076,1909f56bfc062723c751e8b465ee728b)
Start importing Assets/Art/Pokemons/Front/1.png using Guid(0f37bf3cf5680a64d863b5f155b2a597) Importer(815301076,1909f56bfc062723c751e8b465ee728b)  -> (artifact id: '27ce29b6856170e6d1ffa7c96d2c2942') in 0.019294 seconds
Number of updated asset objects reloaded before import = 0
Number of asset objects unloaded after import = 3
========================================================================
Received Import Request.
  Time since last request: 0.000023 seconds.
  path: Assets/Art/Pokemons/Back/3.png
  artifactKey: Guid(4ad46572811440e479a498ba4754f89d) Importer(815301076,1909f56bfc062723c751e8b465ee728b)
Start importing Assets/Art/Pokemons/Back/3.png using Guid(4ad46572811440e479a498ba4754f89d) Importer(815301076,1909f56bfc062723c751e8b465ee728b)  -> (artifact id: '9fdb5513bb992d3d3cf914f0201072a3') in 0.022661 seconds
Number of updated asset objects reloaded before import = 0
Number of asset objects unloaded after import = 3
========================================================================
Received Import Request.
  Time since last request: 0.000035 seconds.
  path: Assets/Art/Pokemons/Back/2.png
  artifactKey: Guid(653a6fe1d97188644a3747cd5e674bc4) Importer(815301076,1909f56bfc062723c751e8b465ee728b)
Start importing Assets/Art/Pokemons/Back/2.png using Guid(653a6fe1d97188644a3747cd5e674bc4) Importer(815301076,1909f56bfc062723c751e8b465ee728b)  -> (artifact id: '160d6873ed1c44529925168ae57fcbb1') in 0.021026 seconds
Number of updated asset objects reloaded before import = 0
Number of asset objects unloaded after import = 3
========================================================================
Received Import Request.
  Time since last request: 0.982102 seconds.
  path: Assets/Art/Pokemons/Back/5.png
  artifactKey: Guid(ade6afd9cbd5c1740bf6046d9a18b97d) Importer(815301076,1909f56bfc062723c751e8b465ee728b)
Start importing Assets/Art/Pokemons/Back/5.png using Guid(ade6afd9cbd5c1740bf6046d9a18b97d) Importer(815301076,1909f56bfc062723c751e8b465ee728b)  -> (artifact id: '995ee0a2f51bc3e758663fef62c38e65') in 0.017292 seconds
Number of updated asset objects reloaded before import = 0
Number of asset objects unloaded after import = 3
========================================================================
Received Import Request.
  Time since last request: 0.000114 seconds.
  path: Assets/Art/Pokemons/Front/5.png
  artifactKey: Guid(7b639ec515c410e4ebf517fc3899e3bd) Importer(815301076,1909f56bfc062723c751e8b465ee728b)
Start importing Assets/Art/Pokemons/Front/5.png using Guid(7b639ec515c410e4ebf517fc3899e3bd) Importer(815301076,1909f56bfc062723c751e8b465ee728b)  -> (artifact id: 'c45dc77c778ff0908d2320b34fec8bfe') in 0.018987 seconds
Number of updated asset objects reloaded before import = 0
Number of asset objects unloaded after import = 3
========================================================================
Received Import Request.
  Time since last request: 0.052232 seconds.
  path: Assets/Art/Pokemons/Back/6.png
  artifactKey: Guid(4e7023cd378451d4d80b1c653bb62ff7) Importer(815301076,1909f56bfc062723c751e8b465ee728b)
Start importing Assets/Art/Pokemons/Back/6.png using Guid(4e7023cd378451d4d80b1c653bb62ff7) Importer(815301076,1909f56bfc062723c751e8b465ee728b)  -> (artifact id: 'b4cbb491c30c44a4a84b7429758e3d3f') in 0.018337 seconds
Number of updated asset objects reloaded before import = 0
Number of asset objects unloaded after import = 3
========================================================================
Received Import Request.
  Time since last request: 0.000022 seconds.
  path: Assets/Art/Pokemons/Front/6.png
  artifactKey: Guid(d819d29c71518d340b52028b17af51c2) Importer(815301076,1909f56bfc062723c751e8b465ee728b)
Start importing Assets/Art/Pokemons/Front/6.png using Guid(d819d29c71518d340b52028b17af51c2) Importer(815301076,1909f56bfc062723c751e8b465ee728b)  -> (artifact id: '94e0bbcb09f8d42ab84ec4ca4214b667') in 0.019942 seconds
Number of updated asset objects reloaded before import = 0
Number of asset objects unloaded after import = 3
========================================================================
Received Import Request.
  Time since last request: 0.094242 seconds.
  path: Assets/Art/Pokemons/Back/7.png
  artifactKey: Guid(18fc6e8e3f72b154fba88f358748be28) Importer(815301076,1909f56bfc062723c751e8b465ee728b)
Start importing Assets/Art/Pokemons/Back/7.png using Guid(18fc6e8e3f72b154fba88f358748be28) Importer(815301076,1909f56bfc062723c751e8b465ee728b)  -> (artifact id: '8526e5e3c53b0a345c657ed78bb49b0f') in 0.018734 seconds
Number of updated asset objects reloaded before import = 0
Number of asset objects unloaded after import = 3
========================================================================
Received Import Request.
  Time since last request: 0.000049 seconds.
  path: Assets/Art/Pokemons/Front/7.png
  artifactKey: Guid(818cf159951cf9a4e8e810b2bbab4096) Importer(815301076,1909f56bfc062723c751e8b465ee728b)
Start importing Assets/Art/Pokemons/Front/7.png using Guid(818cf159951cf9a4e8e810b2bbab4096) Importer(815301076,1909f56bfc062723c751e8b465ee728b)  -> (artifact id: '8aab088e26885d0faf9abb0ee4538216') in 0.022239 seconds
Number of updated asset objects reloaded before import = 0
Number of asset objects unloaded after import = 3
========================================================================
Received Import Request.
  Time since last request: 0.262204 seconds.
  path: Assets/Art/Pokemons/Back/8.png
  artifactKey: Guid(1287bcbc279066d459ff39bc3b587760) Importer(815301076,1909f56bfc062723c751e8b465ee728b)
Start importing Assets/Art/Pokemons/Back/8.png using Guid(1287bcbc279066d459ff39bc3b587760) Importer(815301076,1909f56bfc062723c751e8b465ee728b)  -> (artifact id: 'c3e1697303a815fdeb483a493fe26980') in 0.017562 seconds
Number of updated asset objects reloaded before import = 0
Number of asset objects unloaded after import = 3
========================================================================
Received Import Request.
  Time since last request: 0.000086 seconds.
  path: Assets/Art/Pokemons/Front/8.png
  artifactKey: Guid(9b0e6fc5f36b9ec4197e23d680b3707a) Importer(815301076,1909f56bfc062723c751e8b465ee728b)
Start importing Assets/Art/Pokemons/Front/8.png using Guid(9b0e6fc5f36b9ec4197e23d680b3707a) Importer(815301076,1909f56bfc062723c751e8b465ee728b)  -> (artifact id: 'c228ee2e5adc07e637c7df78e3562735') in 0.025418 seconds
Number of updated asset objects reloaded before import = 0
Number of asset objects unloaded after import = 3
========================================================================
Received Import Request.
  Time since last request: 0.000056 seconds.
  path: Assets/Art/Pokemons/Back/9.png
  artifactKey: Guid(612b6aa88e95291469e1d96088ebc649) Importer(815301076,1909f56bfc062723c751e8b465ee728b)
Start importing Assets/Art/Pokemons/Back/9.png using Guid(612b6aa88e95291469e1d96088ebc649) Importer(815301076,1909f56bfc062723c751e8b465ee728b)  -> (artifact id: 'ad949dc51c22595693a0dfcdc03cd887') in 0.021057 seconds
Number of updated asset objects reloaded before import = 0
Number of asset objects unloaded after import = 3
========================================================================
Received Import Request.
  Time since last request: 0.000030 seconds.
  path: Assets/Art/Pokemons/Front/9.png
  artifactKey: Guid(163cdf30ffc80c34d918ea83ab5e762f) Importer(815301076,1909f56bfc062723c751e8b465ee728b)
Start importing Assets/Art/Pokemons/Front/9.png using Guid(163cdf30ffc80c34d918ea83ab5e762f) Importer(815301076,1909f56bfc062723c751e8b465ee728b)  -> (artifact id: '417263ce1431e829bd8257785c1fa4ea') in 0.026096 seconds
Number of updated asset objects reloaded before import = 0
Number of asset objects unloaded after import = 3
